[2026-02-12 11:44:55] [INF] Starting ExpenseTracker API
[2026-02-12 11:44:55] [ERR] Hosting failed to start
System.IO.IOException: Failed to bind to address http://127.0.0.1:5000: address already in use.
 ---> Microsoft.AspNetCore.Connections.AddressInUseException: Address already in use
 ---> System.Net.Sockets.SocketException (98): Address already in use
   at System.Net.Sockets.Socket.UpdateStatusAfterSocketErrorAndThrowException(SocketError error, Boolean disconnectOnFailure, String callerName)
   at System.Net.Sockets.Socket.DoBind(EndPoint endPointSnapshot, SocketAddress socketAddress)
   at System.Net.Sockets.Socket.Bind(EndPoint localEP)
   at Microsoft.AspNetCore.Server.Kestrel.Transport.Sockets.SocketTransportOptions.CreateDefaultBoundListenSocket(EndPoint endpoint)
   at Microsoft.AspNetCore.Server.Kestrel.Transport.Sockets.SocketConnectionListener.Bind()
   --- End of inner exception stack trace ---
   at Microsoft.AspNetCore.Server.Kestrel.Transport.Sockets.SocketConnectionListener.Bind()
   at Microsoft.AspNetCore.Server.Kestrel.Transport.Sockets.SocketTransportFactory.BindAsync(EndPoint endpoint, CancellationToken cancellationToken)
   at Microsoft.AspNetCore.Server.Kestrel.Core.Internal.Infrastructure.TransportManager.BindAsync(EndPoint endPoint, ConnectionDelegate connectionDelegate, EndpointConfig endpointConfig, CancellationToken cancellationToken)
   at Microsoft.AspNetCore.Server.Kestrel.Core.KestrelServerImpl.<>c__DisplayClass28_0`1.<<StartAsync>g__OnBind|0>d.MoveNext()
--- End of stack trace from previous location ---
   at Microsoft.AspNetCore.Server.Kestrel.Core.Internal.AddressBinder.BindEndpointAsync(ListenOptions endpoint, AddressBindContext context, CancellationToken cancellationToken)
   --- End of inner exception stack trace ---
   at Microsoft.AspNetCore.Server.Kestrel.Core.Internal.AddressBinder.BindEndpointAsync(ListenOptions endpoint, AddressBindContext context, CancellationToken cancellationToken)
   at Microsoft.AspNetCore.Server.Kestrel.Core.LocalhostListenOptions.BindAsync(AddressBindContext context, CancellationToken cancellationToken)
   at Microsoft.AspNetCore.Server.Kestrel.Core.Internal.AddressBinder.DefaultAddressStrategy.BindAsync(AddressBindContext context, CancellationToken cancellationToken)
   at Microsoft.AspNetCore.Server.Kestrel.Core.KestrelServerImpl.BindAsync(CancellationToken cancellationToken)
   at Microsoft.AspNetCore.Server.Kestrel.Core.KestrelServerImpl.StartAsync[TContext](IHttpApplication`1 application, CancellationToken cancellationToken)
   at Microsoft.AspNetCore.Hosting.GenericWebHostService.StartAsync(CancellationToken cancellationToken)
   at Microsoft.Extensions.Hosting.Internal.Host.<StartAsync>b__14_1(IHostedService service, CancellationToken token)
   at Microsoft.Extensions.Hosting.Internal.Host.ForeachService[T](IEnumerable`1 services, CancellationToken token, Boolean concurrent, Boolean abortOnFirstException, List`1 exceptions, Func`3 operation)
[2026-02-12 11:45:06] [INF] Starting ExpenseTracker API
[2026-02-12 11:45:06] [INF] Now listening on: http://localhost:5000
[2026-02-12 11:45:06] [INF] Application started. Press Ctrl+C to shut down.
[2026-02-12 11:45:06] [INF] Hosting environment: Development
[2026-02-12 11:45:06] [INF] Content root path: /home/bax/Desktop/kodecta-academy/expense-tracker/src/ExpenseTrackerAPI.WebApi
[2026-02-12 11:54:42] [INF] Request starting HTTP/1.1 GET http://localhost:5000/api/expenses - null null
[2026-02-12 11:54:42] [WRN] Failed to determine the https port for redirect.
[2026-02-12 11:54:42] [INF] Executing endpoint 'ExpenseTrackerAPI.WebApi.Controllers.ExpensesController.GetExpenses (ExpenseTrackerAPI.WebApi)'
[2026-02-12 11:54:42] [INF] Route matched with {action = "GetExpenses", controller = "Expenses"}. Executing controller action with signature System.Threading.Tasks.Task`1[Microsoft.AspNetCore.Mvc.IActionResult] GetExpenses(Int32, Int32, System.String) on controller ExpenseTrackerAPI.WebApi.Controllers.ExpensesController (ExpenseTrackerAPI.WebApi).
[2026-02-12 11:54:42] [INF] Getting expenses - Page: 1, PageSize: 10, Category: all
[2026-02-12 11:54:42] [INF] Executing OkObjectResult, writing value of type '<>f__AnonymousType1`2[[<>f__AnonymousType0`5[[System.Int32, System.Private.CoreLib, Version=9.0.0.0, Culture=neutral, PublicKeyToken=7cec85d7bea7798e],[System.Decimal, System.Private.CoreLib, Version=9.0.0.0, Culture=neutral, PublicKeyToken=7cec85d7bea7798e],[System.String, System.Private.CoreLib, Version=9.0.0.0, Culture=neutral, PublicKeyToken=7cec85d7bea7798e],[System.String, System.Private.CoreLib, Version=9.0.0.0, Culture=neutral, PublicKeyToken=7cec85d7bea7798e],[System.DateTime, System.Private.CoreLib, Version=9.0.0.0, Culture=neutral, PublicKeyToken=7cec85d7bea7798e]][], ExpenseTrackerAPI.WebApi, Version=1.0.0.0, Culture=neutral, PublicKeyToken=null],[System.Int32, System.Private.CoreLib, Version=9.0.0.0, Culture=neutral, PublicKeyToken=7cec85d7bea7798e]]'.
[2026-02-12 11:54:42] [INF] Executed action ExpenseTrackerAPI.WebApi.Controllers.ExpensesController.GetExpenses (ExpenseTrackerAPI.WebApi) in 203.3117ms
[2026-02-12 11:54:42] [INF] Executed endpoint 'ExpenseTrackerAPI.WebApi.Controllers.ExpensesController.GetExpenses (ExpenseTrackerAPI.WebApi)'
[2026-02-12 11:54:42] [INF] HTTP GET /api/expenses responded 200 in 257.4372 ms
[2026-02-12 11:54:42] [INF] Request finished HTTP/1.1 GET http://localhost:5000/api/expenses - 200 null application/json; charset=utf-8 288.0719ms
[2026-02-12 11:55:05] [INF] Request starting HTTP/1.1 GET http://localhost:5000/api/expenses - null null
[2026-02-12 11:55:05] [INF] Executing endpoint 'ExpenseTrackerAPI.WebApi.Controllers.ExpensesController.GetExpenses (ExpenseTrackerAPI.WebApi)'
[2026-02-12 11:55:05] [INF] Route matched with {action = "GetExpenses", controller = "Expenses"}. Executing controller action with signature System.Threading.Tasks.Task`1[Microsoft.AspNetCore.Mvc.IActionResult] GetExpenses(Int32, Int32, System.String) on controller ExpenseTrackerAPI.WebApi.Controllers.ExpensesController (ExpenseTrackerAPI.WebApi).
[2026-02-12 11:55:05] [INF] Getting expenses - Page: 1, PageSize: 10, Category: all
[2026-02-12 11:55:05] [INF] Executing OkObjectResult, writing value of type '<>f__AnonymousType1`2[[<>f__AnonymousType0`5[[System.Int32, System.Private.CoreLib, Version=9.0.0.0, Culture=neutral, PublicKeyToken=7cec85d7bea7798e],[System.Decimal, System.Private.CoreLib, Version=9.0.0.0, Culture=neutral, PublicKeyToken=7cec85d7bea7798e],[System.String, System.Private.CoreLib, Version=9.0.0.0, Culture=neutral, PublicKeyToken=7cec85d7bea7798e],[System.String, System.Private.CoreLib, Version=9.0.0.0, Culture=neutral, PublicKeyToken=7cec85d7bea7798e],[System.DateTime, System.Private.CoreLib, Version=9.0.0.0, Culture=neutral, PublicKeyToken=7cec85d7bea7798e]][], ExpenseTrackerAPI.WebApi, Version=1.0.0.0, Culture=neutral, PublicKeyToken=null],[System.Int32, System.Private.CoreLib, Version=9.0.0.0, Culture=neutral, PublicKeyToken=7cec85d7bea7798e]]'.
[2026-02-12 11:55:05] [INF] Executed action ExpenseTrackerAPI.WebApi.Controllers.ExpensesController.GetExpenses (ExpenseTrackerAPI.WebApi) in 102.6045ms
[2026-02-12 11:55:05] [INF] Executed endpoint 'ExpenseTrackerAPI.WebApi.Controllers.ExpensesController.GetExpenses (ExpenseTrackerAPI.WebApi)'
[2026-02-12 11:55:05] [INF] HTTP GET /api/expenses responded 200 in 106.1247 ms
[2026-02-12 11:55:05] [INF] Request finished HTTP/1.1 GET http://localhost:5000/api/expenses - 200 null application/json; charset=utf-8 108.9768ms
[2026-02-12 11:55:18] [INF] Request starting HTTP/1.1 GET http://localhost:5000/api/expenses - null null
[2026-02-12 11:55:18] [INF] Executing endpoint 'ExpenseTrackerAPI.WebApi.Controllers.ExpensesController.GetExpenses (ExpenseTrackerAPI.WebApi)'
[2026-02-12 11:55:18] [INF] Route matched with {action = "GetExpenses", controller = "Expenses"}. Executing controller action with signature System.Threading.Tasks.Task`1[Microsoft.AspNetCore.Mvc.IActionResult] GetExpenses(Int32, Int32, System.String) on controller ExpenseTrackerAPI.WebApi.Controllers.ExpensesController (ExpenseTrackerAPI.WebApi).
[2026-02-12 11:55:18] [INF] Getting expenses - Page: 1, PageSize: 10, Category: all
[2026-02-12 11:55:18] [INF] Executing OkObjectResult, writing value of type '<>f__AnonymousType1`2[[<>f__AnonymousType0`5[[System.Int32, System.Private.CoreLib, Version=9.0.0.0, Culture=neutral, PublicKeyToken=7cec85d7bea7798e],[System.Decimal, System.Private.CoreLib, Version=9.0.0.0, Culture=neutral, PublicKeyToken=7cec85d7bea7798e],[System.String, System.Private.CoreLib, Version=9.0.0.0, Culture=neutral, PublicKeyToken=7cec85d7bea7798e],[System.String, System.Private.CoreLib, Version=9.0.0.0, Culture=neutral, PublicKeyToken=7cec85d7bea7798e],[System.DateTime, System.Private.CoreLib, Version=9.0.0.0, Culture=neutral, PublicKeyToken=7cec85d7bea7798e]][], ExpenseTrackerAPI.WebApi, Version=1.0.0.0, Culture=neutral, PublicKeyToken=null],[System.Int32, System.Private.CoreLib, Version=9.0.0.0, Culture=neutral, PublicKeyToken=7cec85d7bea7798e]]'.
[2026-02-12 11:55:18] [INF] Executed action ExpenseTrackerAPI.WebApi.Controllers.ExpensesController.GetExpenses (ExpenseTrackerAPI.WebApi) in 101.2749ms
[2026-02-12 11:55:18] [INF] Executed endpoint 'ExpenseTrackerAPI.WebApi.Controllers.ExpensesController.GetExpenses (ExpenseTrackerAPI.WebApi)'
[2026-02-12 11:55:18] [INF] HTTP GET /api/expenses responded 200 in 102.7961 ms
[2026-02-12 11:55:18] [INF] Request finished HTTP/1.1 GET http://localhost:5000/api/expenses - 200 null application/json; charset=utf-8 104.4592ms
[2026-02-12 11:55:44] [INF] Request starting HTTP/1.1 GET http://localhost:5000/api/expenses/1 - null null
[2026-02-12 11:55:44] [INF] Executing endpoint 'ExpenseTrackerAPI.WebApi.Controllers.ExpensesController.GetExpense (ExpenseTrackerAPI.WebApi)'
[2026-02-12 11:55:44] [INF] Route matched with {action = "GetExpense", controller = "Expenses"}. Executing controller action with signature System.Threading.Tasks.Task`1[Microsoft.AspNetCore.Mvc.IActionResult] GetExpense(Int32) on controller ExpenseTrackerAPI.WebApi.Controllers.ExpensesController (ExpenseTrackerAPI.WebApi).
[2026-02-12 11:55:44] [INF] Executing OkObjectResult, writing value of type '<>f__AnonymousType0`5[[System.Int32, System.Private.CoreLib, Version=9.0.0.0, Culture=neutral, PublicKeyToken=7cec85d7bea7798e],[System.Decimal, System.Private.CoreLib, Version=9.0.0.0, Culture=neutral, PublicKeyToken=7cec85d7bea7798e],[System.String, System.Private.CoreLib, Version=9.0.0.0, Culture=neutral, PublicKeyToken=7cec85d7bea7798e],[System.String, System.Private.CoreLib, Version=9.0.0.0, Culture=neutral, PublicKeyToken=7cec85d7bea7798e],[System.DateTime, System.Private.CoreLib, Version=9.0.0.0, Culture=neutral, PublicKeyToken=7cec85d7bea7798e]]'.
[2026-02-12 11:55:44] [INF] Executed action ExpenseTrackerAPI.WebApi.Controllers.ExpensesController.GetExpense (ExpenseTrackerAPI.WebApi) in 53.5472ms
[2026-02-12 11:55:44] [INF] Executed endpoint 'ExpenseTrackerAPI.WebApi.Controllers.ExpensesController.GetExpense (ExpenseTrackerAPI.WebApi)'
[2026-02-12 11:55:44] [INF] HTTP GET /api/expenses/1 responded 200 in 64.1229 ms
[2026-02-12 11:55:44] [INF] Request finished HTTP/1.1 GET http://localhost:5000/api/expenses/1 - 200 null application/json; charset=utf-8 65.7137ms
[2026-02-12 11:56:00] [INF] Request starting HTTP/1.1 POST http://localhost:5000/api/expenses - application/json 83
[2026-02-12 11:56:00] [INF] Executing endpoint 'ExpenseTrackerAPI.WebApi.Controllers.ExpensesController.CreateExpense (ExpenseTrackerAPI.WebApi)'
[2026-02-12 11:56:00] [INF] Route matched with {action = "CreateExpense", controller = "Expenses"}. Executing controller action with signature System.Threading.Tasks.Task`1[Microsoft.AspNetCore.Mvc.IActionResult] CreateExpense(ExpenseTrackerAPI.WebApi.Controllers.CreateExpenseRequest) on controller ExpenseTrackerAPI.WebApi.Controllers.ExpensesController (ExpenseTrackerAPI.WebApi).
[2026-02-12 11:56:00] [INF] Creating expense: Â¤25.50 - Food
[2026-02-12 11:56:00] [INF] Created expense 948
[2026-02-12 11:56:00] [INF] Executing CreatedAtActionResult, writing value of type '<>f__AnonymousType0`5[[System.Int32, System.Private.CoreLib, Version=9.0.0.0, Culture=neutral, PublicKeyToken=7cec85d7bea7798e],[System.Decimal, System.Private.CoreLib, Version=9.0.0.0, Culture=neutral, PublicKeyToken=7cec85d7bea7798e],[System.String, System.Private.CoreLib, Version=9.0.0.0, Culture=neutral, PublicKeyToken=7cec85d7bea7798e],[System.String, System.Private.CoreLib, Version=9.0.0.0, Culture=neutral, PublicKeyToken=7cec85d7bea7798e],[System.DateTime, System.Private.CoreLib, Version=9.0.0.0, Culture=neutral, PublicKeyToken=7cec85d7bea7798e]]'.
[2026-02-12 11:56:00] [INF] Executed action ExpenseTrackerAPI.WebApi.Controllers.ExpensesController.CreateExpense (ExpenseTrackerAPI.WebApi) in 273.9826ms
[2026-02-12 11:56:00] [INF] Executed endpoint 'ExpenseTrackerAPI.WebApi.Controllers.ExpensesController.CreateExpense (ExpenseTrackerAPI.WebApi)'
[2026-02-12 11:56:00] [INF] HTTP POST /api/expenses responded 201 in 281.6649 ms
[2026-02-12 11:56:00] [INF] Request finished HTTP/1.1 POST http://localhost:5000/api/expenses - 201 null application/json; charset=utf-8 282.6522ms
[2026-02-12 11:56:21] [INF] Request starting HTTP/1.1 GET http://localhost:5000/api/expenses/9999 - null null
[2026-02-12 11:56:21] [INF] Executing endpoint 'ExpenseTrackerAPI.WebApi.Controllers.ExpensesController.GetExpense (ExpenseTrackerAPI.WebApi)'
[2026-02-12 11:56:21] [INF] Route matched with {action = "GetExpense", controller = "Expenses"}. Executing controller action with signature System.Threading.Tasks.Task`1[Microsoft.AspNetCore.Mvc.IActionResult] GetExpense(Int32) on controller ExpenseTrackerAPI.WebApi.Controllers.ExpensesController (ExpenseTrackerAPI.WebApi).
[2026-02-12 11:56:21] [WRN] Expense not found: 9999
[2026-02-12 11:56:21] [INF] Executing NotFoundObjectResult, writing value of type 'System.String'.
[2026-02-12 11:56:21] [INF] Executed action ExpenseTrackerAPI.WebApi.Controllers.ExpensesController.GetExpense (ExpenseTrackerAPI.WebApi) in 51.5935ms
[2026-02-12 11:56:21] [INF] Executed endpoint 'ExpenseTrackerAPI.WebApi.Controllers.ExpensesController.GetExpense (ExpenseTrackerAPI.WebApi)'
[2026-02-12 11:56:21] [INF] HTTP GET /api/expenses/9999 responded 404 in 53.0372 ms
[2026-02-12 11:56:21] [INF] Request finished HTTP/1.1 GET http://localhost:5000/api/expenses/9999 - 404 null application/json; charset=utf-8 54.1122ms
[2026-02-12 11:56:34] [INF] Request starting HTTP/1.1 GET http://localhost:5000/api/exenses/9999 - null null
[2026-02-12 11:56:34] [INF] HTTP GET /api/exenses/9999 responded 404 in 0.2699 ms
[2026-02-12 11:56:34] [INF] Request finished HTTP/1.1 GET http://localhost:5000/api/exenses/9999 - 404 0 null 2.3742ms
[2026-02-12 11:56:34] [INF] Request reached the end of the middleware pipeline without being handled by application code. Request path: GET http://localhost:5000/api/exenses/9999, Response status code: 404
[2026-02-12 12:03:45] [INF] Application is shutting down...
[2026-02-12 12:03:48] [INF] Starting ExpenseTracker API
[2026-02-12 12:03:48] [INF] Now listening on: http://localhost:5000
[2026-02-12 12:03:48] [INF] Application started. Press Ctrl+C to shut down.
[2026-02-12 12:03:48] [INF] Hosting environment: Development
[2026-02-12 12:03:48] [INF] Content root path: /home/bax/Desktop/kodecta-academy/expense-tracker/src/ExpenseTrackerAPI.WebApi
[2026-02-12 12:03:54] [INF] Request starting HTTP/1.1 GET http://localhost:5000/swagger/index.html - null null
[2026-02-12 12:03:54] [INF] HTTP GET /swagger/index.html responded 200 in 109.9083 ms
[2026-02-12 12:03:54] [INF] Request finished HTTP/1.1 GET http://localhost:5000/swagger/index.html - 200 null text/html;charset=utf-8 146.7098ms
[2026-02-12 12:03:54] [INF] Request starting HTTP/1.1 GET http://localhost:5000/swagger/v1/swagger.json - null null
[2026-02-12 12:03:54] [INF] HTTP GET /swagger/v1/swagger.json responded 200 in 125.1352 ms
[2026-02-12 12:03:54] [INF] Request finished HTTP/1.1 GET http://localhost:5000/swagger/v1/swagger.json - 200 null application/json;charset=utf-8 128.229ms
[2026-02-12 12:13:34] [INF] Application is shutting down...
[2026-02-12 13:18:38] [WRN] Sensitive data logging is enabled. Log entries and exception messages may include sensitive application data; this mode should only be enabled during development.
[2026-02-12 13:22:52] [INF] No action descriptors found. This may indicate an incorrectly configured application or missing application parts. To learn more, visit https://aka.ms/aspnet/mvc/app-parts
[2026-02-12 13:22:52] [INF] Starting ExpenseTracker API
[2026-02-12 13:22:52] [INF] Now listening on: http://localhost:5000
[2026-02-12 13:22:52] [INF] Application started. Press Ctrl+C to shut down.
[2026-02-12 13:22:52] [INF] Hosting environment: Development
[2026-02-12 13:22:52] [INF] Content root path: /home/bax/Desktop/kodecta-academy/expense-tracker/src/ExpenseTrackerAPI.WebApi
[2026-02-12 13:26:22] [INF] Application is shutting down...
[2026-02-12 13:26:27] [INF] No action descriptors found. This may indicate an incorrectly configured application or missing application parts. To learn more, visit https://aka.ms/aspnet/mvc/app-parts
[2026-02-12 13:26:27] [INF] Starting ExpenseTracker API
[2026-02-12 13:26:27] [INF] Now listening on: http://localhost:5000
[2026-02-12 13:26:27] [INF] Application started. Press Ctrl+C to shut down.
[2026-02-12 13:26:27] [INF] Hosting environment: Development
[2026-02-12 13:26:27] [INF] Content root path: /home/bax/Desktop/kodecta-academy/expense-tracker/src/ExpenseTrackerAPI.WebApi
[2026-02-12 13:27:09] [INF] Application is shutting down...
[2026-02-12 13:27:13] [INF] No action descriptors found. This may indicate an incorrectly configured application or missing application parts. To learn more, visit https://aka.ms/aspnet/mvc/app-parts
[2026-02-12 13:27:13] [INF] Starting ExpenseTracker API
[2026-02-12 13:27:13] [INF] Now listening on: http://localhost:5000
[2026-02-12 13:27:13] [INF] Application started. Press Ctrl+C to shut down.
[2026-02-12 13:27:13] [INF] Hosting environment: Development
[2026-02-12 13:27:13] [INF] Content root path: /home/bax/Desktop/kodecta-academy/expense-tracker/src/ExpenseTrackerAPI.WebApi
[2026-02-12 13:27:19] [INF] Application is shutting down...
[2026-02-12 13:27:30] [INF] No action descriptors found. This may indicate an incorrectly configured application or missing application parts. To learn more, visit https://aka.ms/aspnet/mvc/app-parts
[2026-02-12 13:27:30] [INF] Starting ExpenseTracker API
[2026-02-12 13:27:30] [INF] Now listening on: http://localhost:5000
[2026-02-12 13:27:30] [INF] Application started. Press Ctrl+C to shut down.
[2026-02-12 13:27:30] [INF] Hosting environment: Development
[2026-02-12 13:27:30] [INF] Content root path: /home/bax/Desktop/kodecta-academy/expense-tracker/src/ExpenseTrackerAPI.WebApi
[2026-02-12 13:36:21] [INF] Application is shutting down...
d. Log entries and exception messages may include sensitive application data; this mode should only be enabled during development.
[2026-02-12 13:28:44] [ERR] Failed executing DbCommand (25ms) [Parameters=[], CommandType='"Text"', CommandTimeout='30']
SELECT "MigrationId", "ProductVersion"
FROM "__EFMigrationsHistory"
ORDER BY "MigrationId";
[2026-02-12 13:28:56] [WRN] Sensitive data logging is enabled. Log entries and exception messages may include sensitive application data; this mode should only be enabled during development.
[2026-02-12 13:28:57] [ERR] Failed executing DbCommand (25ms) [Parameters=[], CommandType='"Text"', CommandTimeout='30']
SELECT "MigrationId", "ProductVersion"
FROM "__EFMigrationsHistory"
ORDER BY "MigrationId";
[2026-02-12 13:29:10] [WRN] Sensitive data logging is enabled. Log entries and exception messages may include sensitive application data; this mode should only be enabled during development.
[2026-02-12 13:29:23] [WRN] Sensitive data logging is enabled. Log entries and exception messages may include sensitive application data; this mode should only be enabled during development.
[2026-02-12 13:29:24] [ERR] Failed executing DbCommand (25ms) [Parameters=[], CommandType='"Text"', CommandTimeout='30']
SELECT "MigrationId", "ProductVersion"
FROM "__EFMigrationsHistory"
ORDER BY "MigrationId";
[2026-02-12 13:29:24] [INF] Acquiring an exclusive lock for migration application. See https://aka.ms/efcore-docs-migrations-lock for more information if this takes too long.
[2026-02-12 13:29:24] [INF] Applying migration '20260212122911_InitialCreate'.
[2026-02-12 13:36:31] [INF] No action descriptors found. This may indicate an incorrectly configured application or missing application parts. To learn more, visit https://aka.ms/aspnet/mvc/app-parts
[2026-02-12 13:36:31] [INF] Starting ExpenseTracker API
[2026-02-12 13:36:31] [INF] Checking database connectivity...
[2026-02-12 13:36:32] [WRN] Sensitive data logging is enabled. Log entries and exception messages may include sensitive application data; this mode should only be enabled during development.
[2026-02-12 13:36:32] [INF] Database connection successful
[2026-02-12 13:36:32] [INF] Executed DbCommand (33ms) [Parameters=[], CommandType='"Text"', CommandTimeout='30']
SELECT "MigrationId", "ProductVersion"
FROM "__EFMigrationsHistory"
ORDER BY "MigrationId";
[2026-02-12 13:36:32] [INF] Database is up to date - no pending migrations
[2026-02-12 13:36:32] [INF] Executed DbCommand (4ms) [Parameters=[], CommandType='"Text"', CommandTimeout='30']
SELECT EXISTS (
    SELECT 1
    FROM public."Users" AS u)
[2026-02-12 13:36:32] [INF] Database is empty - seeding with initial data...
[2026-02-12 13:36:32] [INF] Executed DbCommand (1ms) [Parameters=[], CommandType='"Text"', CommandTimeout='30']
SELECT EXISTS (
    SELECT 1
    FROM public."Users" AS u)
[2026-02-12 13:36:33] [ERR] Failed executing DbCommand (8ms) [Parameters=[@p0='2026-02-12T12:36:32.8702470Z', @p1='john.doe@email.com' (Nullable = false), @p2='John Doe' (Nullable = false), @p3='$2a$11$yQRQSx3N6m00FZPwo/uQiOhMyxf/pKAtSiijU6EoXKQtrGv5WvNF.' (Nullable = false), @p4='2026-02-12T12:36:32.8702470Z', @p5='2026-02-12T12:36:32.8702470Z', @p6='jane.smith@email.com' (Nullable = false), @p7='Jane Smith' (Nullable = false), @p8='$2a$11$yQRQSx3N6m00FZPwo/uQiOhMyxf/pKAtSiijU6EoXKQtrGv5WvNF.' (Nullable = false), @p9='2026-02-12T12:36:32.8702470Z', @p10='2026-02-12T12:36:32.8702470Z', @p11='mike.wilson@email.com' (Nullable = false), @p12='Mike Wilson' (Nullable = false), @p13='$2a$11$yQRQSx3N6m00FZPwo/uQiOhMyxf/pKAtSiijU6EoXKQtrGv5WvNF.' (Nullable = false), @p14='2026-02-12T12:36:32.8702470Z'], CommandType='"Text"', CommandTimeout='30']
INSERT INTO public."Users" (created_at, email, name, password_hash, updated_at)
VALUES (@p0, @p1, @p2, @p3, @p4)
RETURNING id, initial_balance;
INSERT INTO public."Users" (created_at, email, name, password_hash, updated_at)
VALUES (@p5, @p6, @p7, @p8, @p9)
RETURNING id, initial_balance;
INSERT INTO public."Users" (created_at, email, name, password_hash, updated_at)
VALUES (@p10, @p11, @p12, @p13, @p14)
RETURNING id, initial_balance;
[2026-02-12 13:36:33] [ERR] An exception occurred in the database while saving changes for context type 'ExpenseTrackerAPI.Infrastructure.Persistence.ApplicationDbContext'.
Microsoft.EntityFrameworkCore.DbUpdateException: An error occurred while saving the entity changes. See the inner exception for details.
 ---> System.ArgumentException: Cannot write DateTime with Kind=UTC to PostgreSQL type 'timestamp without time zone', consider using 'timestamp with time zone'. Note that it's not possible to mix DateTimes with different Kinds in an array, range, or multirange. (Parameter 'value')
   at Npgsql.Internal.Converters.DateTimeConverterResolver`1.Get(DateTime value, Nullable`1 expectedPgTypeId, Boolean validateOnly)
   at Npgsql.Internal.Converters.DateTimeConverterResolver.<>c.<CreateResolver>b__0_0(DateTimeConverterResolver`1 resolver, DateTime value, Nullable`1 expectedPgTypeId)
   at Npgsql.Internal.Converters.DateTimeConverterResolver`1.Get(T value, Nullable`1 expectedPgTypeId)
   at Npgsql.Internal.PgConverterResolver`1.GetAsObjectInternal(PgTypeInfo typeInfo, Object value, Nullable`1 expectedPgTypeId)
   at Npgsql.Internal.PgResolverTypeInfo.GetResolutionAsObject(Object value, Nullable`1 expectedPgTypeId)
   at Npgsql.Internal.PgTypeInfo.GetObjectResolution(Object value)
   at Npgsql.NpgsqlParameter.ResolveConverter(PgTypeInfo typeInfo)
   at Npgsql.NpgsqlParameter.ResolveTypeInfo(PgSerializerOptions options)
   at Npgsql.NpgsqlParameterCollection.ProcessParameters(PgSerializerOptions options, Boolean validateValues, CommandType commandType)
   at Npgsql.NpgsqlCommand.ExecuteReader(Boolean async, CommandBehavior behavior, CancellationToken cancellationToken)
   at Npgsql.NpgsqlCommand.ExecuteReader(Boolean async, CommandBehavior behavior, CancellationToken cancellationToken)
   at Npgsql.NpgsqlCommand.ExecuteDbDataReaderAsync(CommandBehavior behavior, CancellationToken cancellationToken)
   at Microsoft.EntityFrameworkCore.Storage.RelationalCommand.ExecuteReaderAsync(RelationalCommandParameterObject parameterObject, CancellationToken cancellationToken)
   at Microsoft.EntityFrameworkCore.Storage.RelationalCommand.ExecuteReaderAsync(RelationalCommandParameterObject parameterObject, CancellationToken cancellationToken)
   at Microsoft.EntityFrameworkCore.Update.ReaderModificationCommandBatch.ExecuteAsync(IRelationalConnection connection, CancellationToken cancellationToken)
   --- End of inner exception stack trace ---
   at Microsoft.EntityFrameworkCore.Update.ReaderModificationCommandBatch.ExecuteAsync(IRelationalConnection connection, CancellationToken cancellationToken)
   at Microsoft.EntityFrameworkCore.Update.Internal.BatchExecutor.ExecuteAsync(IEnumerable`1 commandBatches, IRelationalConnection connection, CancellationToken cancellationToken)
   at Microsoft.EntityFrameworkCore.Update.Internal.BatchExecutor.ExecuteAsync(IEnumerable`1 commandBatches, IRelationalConnection connection, CancellationToken cancellationToken)
   at Microsoft.EntityFrameworkCore.Update.Internal.BatchExecutor.ExecuteAsync(IEnumerable`1 commandBatches, IRelationalConnection connection, CancellationToken cancellationToken)
   at Microsoft.EntityFrameworkCore.Storage.RelationalDatabase.SaveChangesAsync(IList`1 entries, CancellationToken cancellationToken)
   at Microsoft.EntityFrameworkCore.ChangeTracking.Internal.StateManager.SaveChangesAsync(IList`1 entriesToSave, CancellationToken cancellationToken)
   at Microsoft.EntityFrameworkCore.ChangeTracking.Internal.StateManager.SaveChangesAsync(StateManager stateManager, Boolean acceptAllChangesOnSuccess, CancellationToken cancellationToken)
   at Microsoft.EntityFrameworkCore.Storage.ExecutionStrategy.<>c__DisplayClass30_0`2.<<ExecuteAsync>b__0>d.MoveNext()
--- End of stack trace from previous location ---
   at Microsoft.EntityFrameworkCore.Storage.ExecutionStrategy.ExecuteImplementationAsync[TState,TResult](Func`4 operation, Func`4 verifySucceeded, TState state, CancellationToken cancellationToken)
   at Microsoft.EntityFrameworkCore.Storage.ExecutionStrategy.ExecuteImplementationAsync[TState,TResult](Func`4 operation, Func`4 verifySucceeded, TState state, CancellationToken cancellationToken)
   at Microsoft.EntityFrameworkCore.Storage.ExecutionStrategy.ExecuteAsync[TState,TResult](TState state, Func`4 operation, Func`4 verifySucceeded, CancellationToken cancellationToken)
   at Microsoft.EntityFrameworkCore.DbContext.SaveChangesAsync(Boolean acceptAllChangesOnSuccess, CancellationToken cancellationToken)
Microsoft.EntityFrameworkCore.DbUpdateException: An error occurred while saving the entity changes. See the inner exception for details.
 ---> System.ArgumentException: Cannot write DateTime with Kind=UTC to PostgreSQL type 'timestamp without time zone', consider using 'timestamp with time zone'. Note that it's not possible to mix DateTimes with different Kinds in an array, range, or multirange. (Parameter 'value')
   at Npgsql.Internal.Converters.DateTimeConverterResolver`1.Get(DateTime value, Nullable`1 expectedPgTypeId, Boolean validateOnly)
   at Npgsql.Internal.Converters.DateTimeConverterResolver.<>c.<CreateResolver>b__0_0(DateTimeConverterResolver`1 resolver, DateTime value, Nullable`1 expectedPgTypeId)
   at Npgsql.Internal.Converters.DateTimeConverterResolver`1.Get(T value, Nullable`1 expectedPgTypeId)
   at Npgsql.Internal.PgConverterResolver`1.GetAsObjectInternal(PgTypeInfo typeInfo, Object value, Nullable`1 expectedPgTypeId)
   at Npgsql.Internal.PgResolverTypeInfo.GetResolutionAsObject(Object value, Nullable`1 expectedPgTypeId)
   at Npgsql.Internal.PgTypeInfo.GetObjectResolution(Object value)
   at Npgsql.NpgsqlParameter.ResolveConverter(PgTypeInfo typeInfo)
   at Npgsql.NpgsqlParameter.ResolveTypeInfo(PgSerializerOptions options)
   at Npgsql.NpgsqlParameterCollection.ProcessParameters(PgSerializerOptions options, Boolean validateValues, CommandType commandType)
   at Npgsql.NpgsqlCommand.ExecuteReader(Boolean async, CommandBehavior behavior, CancellationToken cancellationToken)
   at Npgsql.NpgsqlCommand.ExecuteReader(Boolean async, CommandBehavior behavior, CancellationToken cancellationToken)
   at Npgsql.NpgsqlCommand.ExecuteDbDataReaderAsync(CommandBehavior behavior, CancellationToken cancellationToken)
   at Microsoft.EntityFrameworkCore.Storage.RelationalCommand.ExecuteReaderAsync(RelationalCommandParameterObject parameterObject, CancellationToken cancellationToken)
   at Microsoft.EntityFrameworkCore.Storage.RelationalCommand.ExecuteReaderAsync(RelationalCommandParameterObject parameterObject, CancellationToken cancellationToken)
   at Microsoft.EntityFrameworkCore.Update.ReaderModificationCommandBatch.ExecuteAsync(IRelationalConnection connection, CancellationToken cancellationToken)
   --- End of inner exception stack trace ---
   at Microsoft.EntityFrameworkCore.Update.ReaderModificationCommandBatch.ExecuteAsync(IRelationalConnection connection, CancellationToken cancellationToken)
   at Microsoft.EntityFrameworkCore.Update.Internal.BatchExecutor.ExecuteAsync(IEnumerable`1 commandBatches, IRelationalConnection connection, CancellationToken cancellationToken)
   at Microsoft.EntityFrameworkCore.Update.Internal.BatchExecutor.ExecuteAsync(IEnumerable`1 commandBatches, IRelationalConnection connection, CancellationToken cancellationToken)
   at Microsoft.EntityFrameworkCore.Update.Internal.BatchExecutor.ExecuteAsync(IEnumerable`1 commandBatches, IRelationalConnection connection, CancellationToken cancellationToken)
   at Microsoft.EntityFrameworkCore.Storage.RelationalDatabase.SaveChangesAsync(IList`1 entries, CancellationToken cancellationToken)
   at Microsoft.EntityFrameworkCore.ChangeTracking.Internal.StateManager.SaveChangesAsync(IList`1 entriesToSave, CancellationToken cancellationToken)
   at Microsoft.EntityFrameworkCore.ChangeTracking.Internal.StateManager.SaveChangesAsync(StateManager stateManager, Boolean acceptAllChangesOnSuccess, CancellationToken cancellationToken)
   at Microsoft.EntityFrameworkCore.Storage.ExecutionStrategy.<>c__DisplayClass30_0`2.<<ExecuteAsync>b__0>d.MoveNext()
--- End of stack trace from previous location ---
   at Microsoft.EntityFrameworkCore.Storage.ExecutionStrategy.ExecuteImplementationAsync[TState,TResult](Func`4 operation, Func`4 verifySucceeded, TState state, CancellationToken cancellationToken)
   at Microsoft.EntityFrameworkCore.Storage.ExecutionStrategy.ExecuteImplementationAsync[TState,TResult](Func`4 operation, Func`4 verifySucceeded, TState state, CancellationToken cancellationToken)
   at Microsoft.EntityFrameworkCore.Storage.ExecutionStrategy.ExecuteAsync[TState,TResult](TState state, Func`4 operation, Func`4 verifySucceeded, CancellationToken cancellationToken)
   at Microsoft.EntityFrameworkCore.DbContext.SaveChangesAsync(Boolean acceptAllChangesOnSuccess, CancellationToken cancellationToken)
[2026-02-12 13:36:33] [ERR] Database initialization failed
Microsoft.EntityFrameworkCore.DbUpdateException: An error occurred while saving the entity changes. See the inner exception for details.
 ---> System.ArgumentException: Cannot write DateTime with Kind=UTC to PostgreSQL type 'timestamp without time zone', consider using 'timestamp with time zone'. Note that it's not possible to mix DateTimes with different Kinds in an array, range, or multirange. (Parameter 'value')
   at Npgsql.Internal.Converters.DateTimeConverterResolver`1.Get(DateTime value, Nullable`1 expectedPgTypeId, Boolean validateOnly)
   at Npgsql.Internal.Converters.DateTimeConverterResolver.<>c.<CreateResolver>b__0_0(DateTimeConverterResolver`1 resolver, DateTime value, Nullable`1 expectedPgTypeId)
   at Npgsql.Internal.Converters.DateTimeConverterResolver`1.Get(T value, Nullable`1 expectedPgTypeId)
   at Npgsql.Internal.PgConverterResolver`1.GetAsObjectInternal(PgTypeInfo typeInfo, Object value, Nullable`1 expectedPgTypeId)
   at Npgsql.Internal.PgResolverTypeInfo.GetResolutionAsObject(Object value, Nullable`1 expectedPgTypeId)
   at Npgsql.Internal.PgTypeInfo.GetObjectResolution(Object value)
   at Npgsql.NpgsqlParameter.ResolveConverter(PgTypeInfo typeInfo)
   at Npgsql.NpgsqlParameter.ResolveTypeInfo(PgSerializerOptions options)
   at Npgsql.NpgsqlParameterCollection.ProcessParameters(PgSerializerOptions options, Boolean validateValues, CommandType commandType)
   at Npgsql.NpgsqlCommand.ExecuteReader(Boolean async, CommandBehavior behavior, CancellationToken cancellationToken)
   at Npgsql.NpgsqlCommand.ExecuteReader(Boolean async, CommandBehavior behavior, CancellationToken cancellationToken)
   at Npgsql.NpgsqlCommand.ExecuteDbDataReaderAsync(CommandBehavior behavior, CancellationToken cancellationToken)
   at Microsoft.EntityFrameworkCore.Storage.RelationalCommand.ExecuteReaderAsync(RelationalCommandParameterObject parameterObject, CancellationToken cancellationToken)
   at Microsoft.EntityFrameworkCore.Storage.RelationalCommand.ExecuteReaderAsync(RelationalCommandParameterObject parameterObject, CancellationToken cancellationToken)
   at Microsoft.EntityFrameworkCore.Update.ReaderModificationCommandBatch.ExecuteAsync(IRelationalConnection connection, CancellationToken cancellationToken)
   --- End of inner exception stack trace ---
   at Microsoft.EntityFrameworkCore.Update.ReaderModificationCommandBatch.ExecuteAsync(IRelationalConnection connection, CancellationToken cancellationToken)
   at Microsoft.EntityFrameworkCore.Update.Internal.BatchExecutor.ExecuteAsync(IEnumerable`1 commandBatches, IRelationalConnection connection, CancellationToken cancellationToken)
   at Microsoft.EntityFrameworkCore.Update.Internal.BatchExecutor.ExecuteAsync(IEnumerable`1 commandBatches, IRelationalConnection connection, CancellationToken cancellationToken)
   at Microsoft.EntityFrameworkCore.Update.Internal.BatchExecutor.ExecuteAsync(IEnumerable`1 commandBatches, IRelationalConnection connection, CancellationToken cancellationToken)
   at Microsoft.EntityFrameworkCore.Storage.RelationalDatabase.SaveChangesAsync(IList`1 entries, CancellationToken cancellationToken)
   at Microsoft.EntityFrameworkCore.ChangeTracking.Internal.StateManager.SaveChangesAsync(IList`1 entriesToSave, CancellationToken cancellationToken)
   at Microsoft.EntityFrameworkCore.ChangeTracking.Internal.StateManager.SaveChangesAsync(StateManager stateManager, Boolean acceptAllChangesOnSuccess, CancellationToken cancellationToken)
   at Microsoft.EntityFrameworkCore.Storage.ExecutionStrategy.<>c__DisplayClass30_0`2.<<ExecuteAsync>b__0>d.MoveNext()
--- End of stack trace from previous location ---
   at Microsoft.EntityFrameworkCore.Storage.ExecutionStrategy.ExecuteImplementationAsync[TState,TResult](Func`4 operation, Func`4 verifySucceeded, TState state, CancellationToken cancellationToken)
   at Microsoft.EntityFrameworkCore.Storage.ExecutionStrategy.ExecuteImplementationAsync[TState,TResult](Func`4 operation, Func`4 verifySucceeded, TState state, CancellationToken cancellationToken)
   at Microsoft.EntityFrameworkCore.Storage.ExecutionStrategy.ExecuteAsync[TState,TResult](TState state, Func`4 operation, Func`4 verifySucceeded, CancellationToken cancellationToken)
   at Microsoft.EntityFrameworkCore.DbContext.SaveChangesAsync(Boolean acceptAllChangesOnSuccess, CancellationToken cancellationToken)
   at Microsoft.EntityFrameworkCore.DbContext.SaveChangesAsync(Boolean acceptAllChangesOnSuccess, CancellationToken cancellationToken)
   at ExpenseTrackerAPI.Infrastructure.Shared.DatabaseSeeder.SeedIfEmptyAsync(ApplicationDbContext context, CancellationToken cancellationToken) in /home/bax/Desktop/kodecta-academy/expense-tracker/src/ExpenseTrackerAPI.Infrastructure/Shared/DatabaseSeeder.cs:line 33
   at Program.<<Main>$>g__InitializeDatabaseAsync|0_4(IServiceProvider services) in /home/bax/Desktop/kodecta-academy/expense-tracker/src/ExpenseTrackerAPI.WebApi/Program.cs:line 144
[2026-02-12 13:36:33] [FTL] Application terminated unexpectedly
Microsoft.EntityFrameworkCore.DbUpdateException: An error occurred while saving the entity changes. See the inner exception for details.
 ---> System.ArgumentException: Cannot write DateTime with Kind=UTC to PostgreSQL type 'timestamp without time zone', consider using 'timestamp with time zone'. Note that it's not possible to mix DateTimes with different Kinds in an array, range, or multirange. (Parameter 'value')
   at Npgsql.Internal.Converters.DateTimeConverterResolver`1.Get(DateTime value, Nullable`1 expectedPgTypeId, Boolean validateOnly)
   at Npgsql.Internal.Converters.DateTimeConverterResolver.<>c.<CreateResolver>b__0_0(DateTimeConverterResolver`1 resolver, DateTime value, Nullable`1 expectedPgTypeId)
   at Npgsql.Internal.Converters.DateTimeConverterResolver`1.Get(T value, Nullable`1 expectedPgTypeId)
   at Npgsql.Internal.PgConverterResolver`1.GetAsObjectInternal(PgTypeInfo typeInfo, Object value, Nullable`1 expectedPgTypeId)
   at Npgsql.Internal.PgResolverTypeInfo.GetResolutionAsObject(Object value, Nullable`1 expectedPgTypeId)
   at Npgsql.Internal.PgTypeInfo.GetObjectResolution(Object value)
   at Npgsql.NpgsqlParameter.ResolveConverter(PgTypeInfo typeInfo)
   at Npgsql.NpgsqlParameter.ResolveTypeInfo(PgSerializerOptions options)
   at Npgsql.NpgsqlParameterCollection.ProcessParameters(PgSerializerOptions options, Boolean validateValues, CommandType commandType)
   at Npgsql.NpgsqlCommand.ExecuteReader(Boolean async, CommandBehavior behavior, CancellationToken cancellationToken)
   at Npgsql.NpgsqlCommand.ExecuteReader(Boolean async, CommandBehavior behavior, CancellationToken cancellationToken)
   at Npgsql.NpgsqlCommand.ExecuteDbDataReaderAsync(CommandBehavior behavior, CancellationToken cancellationToken)
   at Microsoft.EntityFrameworkCore.Storage.RelationalCommand.ExecuteReaderAsync(RelationalCommandParameterObject parameterObject, CancellationToken cancellationToken)
   at Microsoft.EntityFrameworkCore.Storage.RelationalCommand.ExecuteReaderAsync(RelationalCommandParameterObject parameterObject, CancellationToken cancellationToken)
   at Microsoft.EntityFrameworkCore.Update.ReaderModificationCommandBatch.ExecuteAsync(IRelationalConnection connection, CancellationToken cancellationToken)
   --- End of inner exception stack trace ---
   at Microsoft.EntityFrameworkCore.Update.ReaderModificationCommandBatch.ExecuteAsync(IRelationalConnection connection, CancellationToken cancellationToken)
   at Microsoft.EntityFrameworkCore.Update.Internal.BatchExecutor.ExecuteAsync(IEnumerable`1 commandBatches, IRelationalConnection connection, CancellationToken cancellationToken)
   at Microsoft.EntityFrameworkCore.Update.Internal.BatchExecutor.ExecuteAsync(IEnumerable`1 commandBatches, IRelationalConnection connection, CancellationToken cancellationToken)
   at Microsoft.EntityFrameworkCore.Update.Internal.BatchExecutor.ExecuteAsync(IEnumerable`1 commandBatches, IRelationalConnection connection, CancellationToken cancellationToken)
   at Microsoft.EntityFrameworkCore.Storage.RelationalDatabase.SaveChangesAsync(IList`1 entries, CancellationToken cancellationToken)
   at Microsoft.EntityFrameworkCore.ChangeTracking.Internal.StateManager.SaveChangesAsync(IList`1 entriesToSave, CancellationToken cancellationToken)
   at Microsoft.EntityFrameworkCore.ChangeTracking.Internal.StateManager.SaveChangesAsync(StateManager stateManager, Boolean acceptAllChangesOnSuccess, CancellationToken cancellationToken)
   at Microsoft.EntityFrameworkCore.Storage.ExecutionStrategy.<>c__DisplayClass30_0`2.<<ExecuteAsync>b__0>d.MoveNext()
--- End of stack trace from previous location ---
   at Microsoft.EntityFrameworkCore.Storage.ExecutionStrategy.ExecuteImplementationAsync[TState,TResult](Func`4 operation, Func`4 verifySucceeded, TState state, CancellationToken cancellationToken)
   at Microsoft.EntityFrameworkCore.Storage.ExecutionStrategy.ExecuteImplementationAsync[TState,TResult](Func`4 operation, Func`4 verifySucceeded, TState state, CancellationToken cancellationToken)
   at Microsoft.EntityFrameworkCore.Storage.ExecutionStrategy.ExecuteAsync[TState,TResult](TState state, Func`4 operation, Func`4 verifySucceeded, CancellationToken cancellationToken)
   at Microsoft.EntityFrameworkCore.DbContext.SaveChangesAsync(Boolean acceptAllChangesOnSuccess, CancellationToken cancellationToken)
   at Microsoft.EntityFrameworkCore.DbContext.SaveChangesAsync(Boolean acceptAllChangesOnSuccess, CancellationToken cancellationToken)
   at ExpenseTrackerAPI.Infrastructure.Shared.DatabaseSeeder.SeedIfEmptyAsync(ApplicationDbContext context, CancellationToken cancellationToken) in /home/bax/Desktop/kodecta-academy/expense-tracker/src/ExpenseTrackerAPI.Infrastructure/Shared/DatabaseSeeder.cs:line 33
   at Program.<<Main>$>g__InitializeDatabaseAsync|0_4(IServiceProvider services) in /home/bax/Desktop/kodecta-academy/expense-tracker/src/ExpenseTrackerAPI.WebApi/Program.cs:line 144
   at Program.<Main>$(String[] args) in /home/bax/Desktop/kodecta-academy/expense-tracker/src/ExpenseTrackerAPI.WebApi/Program.cs:line 46
[2026-02-12 13:38:35] [INF] No action descriptors found. This may indicate an incorrectly configured application or missing application parts. To learn more, visit https://aka.ms/aspnet/mvc/app-parts
[2026-02-12 13:38:36] [INF] Starting ExpenseTracker API
[2026-02-12 13:38:36] [INF] Checking database connectivity...
[2026-02-12 13:38:36] [WRN] Sensitive data logging is enabled. Log entries and exception messages may include sensitive application data; this mode should only be enabled during development.
[2026-02-12 13:38:36] [INF] Database connection successful
[2026-02-12 13:38:37] [INF] Executed DbCommand (27ms) [Parameters=[], CommandType='"Text"', CommandTimeout='30']
SELECT "MigrationId", "ProductVersion"
FROM "__EFMigrationsHistory"
ORDER BY "MigrationId";
[2026-02-12 13:38:37] [INF] Database is up to date - no pending migrations
[2026-02-12 13:38:37] [INF] Executed DbCommand (5ms) [Parameters=[], CommandType='"Text"', CommandTimeout='30']
SELECT EXISTS (
    SELECT 1
    FROM public."Users" AS u)
[2026-02-12 13:38:37] [INF] Database is empty - seeding with initial data...
[2026-02-12 13:38:37] [INF] Executed DbCommand (1ms) [Parameters=[], CommandType='"Text"', CommandTimeout='30']
SELECT EXISTS (
    SELECT 1
    FROM public."Users" AS u)
[2026-02-12 13:38:37] [INF] Executed DbCommand (15ms) [Parameters=[@p0='2026-02-12T12:38:37.4304826Z' (DbType = DateTime), @p1='john.doe@email.com' (Nullable = false), @p2='John Doe' (Nullable = false), @p3='$2a$11$yQRQSx3N6m00FZPwo/uQiOhMyxf/pKAtSiijU6EoXKQtrGv5WvNF.' (Nullable = false), @p4='2026-02-12T12:38:37.4304826Z' (DbType = DateTime), @p5='2026-02-12T12:38:37.4304826Z' (DbType = DateTime), @p6='jane.smith@email.com' (Nullable = false), @p7='Jane Smith' (Nullable = false), @p8='$2a$11$yQRQSx3N6m00FZPwo/uQiOhMyxf/pKAtSiijU6EoXKQtrGv5WvNF.' (Nullable = false), @p9='2026-02-12T12:38:37.4304826Z' (DbType = DateTime), @p10='2026-02-12T12:38:37.4304826Z' (DbType = DateTime), @p11='mike.wilson@email.com' (Nullable = false), @p12='Mike Wilson' (Nullable = false), @p13='$2a$11$yQRQSx3N6m00FZPwo/uQiOhMyxf/pKAtSiijU6EoXKQtrGv5WvNF.' (Nullable = false), @p14='2026-02-12T12:38:37.4304826Z' (DbType = DateTime)], CommandType='"Text"', CommandTimeout='30']
INSERT INTO public."Users" (created_at, email, name, password_hash, updated_at)
VALUES (@p0, @p1, @p2, @p3, @p4)
RETURNING id, initial_balance;
INSERT INTO public."Users" (created_at, email, name, password_hash, updated_at)
VALUES (@p5, @p6, @p7, @p8, @p9)
RETURNING id, initial_balance;
INSERT INTO public."Users" (created_at, email, name, password_hash, updated_at)
VALUES (@p10, @p11, @p12, @p13, @p14)
RETURNING id, initial_balance;
[2026-02-12 13:38:37] [INF] Executed DbCommand (2ms) [Parameters=[@p0='Groceries, restaurants, and food delivery', @p1='ðŸ”' (Nullable = false), @p2='Food & Dining' (Nullable = false), @p3='Gas, public transit, car maintenance', @p4='ðŸš—' (Nullable = false), @p5='Transportation' (Nullable = false), @p6='Rent, mortgage, utilities, maintenance', @p7='ðŸ ' (Nullable = false), @p8='Housing' (Nullable = false), @p9='Movies, games, subscriptions, hobbies', @p10='ðŸŽ®' (Nullable = false), @p11='Entertainment' (Nullable = false), @p12='Medical expenses, pharmacy, insurance', @p13='âš•ï¸' (Nullable = false), @p14='Healthcare' (Nullable = false), @p15='Clothing, electronics, general shopping', @p16='ðŸ›ï¸' (Nullable = false), @p17='Shopping' (Nullable = false), @p18='Courses, books, tuition', @p19='ðŸ“š' (Nullable = false), @p20='Education' (Nullable = false), @p21='Electricity, water, internet, phone', @p22='ðŸ’¡' (Nullable = false), @p23='Bills & Utilities' (Nullable = false), @p24='Regular employment income', @p25='ðŸ’°' (Nullable = false), @p26='Salary' (Nullable = false), @p27='Dividends, capital gains, interest', @p28='ðŸ“ˆ' (Nullable = false), @p29='Investment' (Nullable = false), @p30='Contract work, side gigs', @p31='ðŸ’¼' (Nullable = false), @p32='Freelance' (Nullable = false), @p33='Gifts, refunds, misc income', @p34='ðŸŽ' (Nullable = false), @p35='Other Income' (Nullable = false)], CommandType='"Text"', CommandTimeout='30']
INSERT INTO public."Categories" (description, icon, name)
VALUES (@p0, @p1, @p2)
RETURNING id;
INSERT INTO public."Categories" (description, icon, name)
VALUES (@p3, @p4, @p5)
RETURNING id;
INSERT INTO public."Categories" (description, icon, name)
VALUES (@p6, @p7, @p8)
RETURNING id;
INSERT INTO public."Categories" (description, icon, name)
VALUES (@p9, @p10, @p11)
RETURNING id;
INSERT INTO public."Categories" (description, icon, name)
VALUES (@p12, @p13, @p14)
RETURNING id;
INSERT INTO public."Categories" (description, icon, name)
VALUES (@p15, @p16, @p17)
RETURNING id;
INSERT INTO public."Categories" (description, icon, name)
VALUES (@p18, @p19, @p20)
RETURNING id;
INSERT INTO public."Categories" (description, icon, name)
VALUES (@p21, @p22, @p23)
RETURNING id;
INSERT INTO public."Categories" (description, icon, name)
VALUES (@p24, @p25, @p26)
RETURNING id;
INSERT INTO public."Categories" (description, icon, name)
VALUES (@p27, @p28, @p29)
RETURNING id;
INSERT INTO public."Categories" (description, icon, name)
VALUES (@p30, @p31, @p32)
RETURNING id;
INSERT INTO public."Categories" (description, icon, name)
VALUES (@p33, @p34, @p35)
RETURNING id;
[2026-02-12 13:38:37] [ERR] Failed executing DbCommand (2ms) [Parameters=[@p0='2026-02-12T12:38:37.4304826Z', @p1='Summer vacation expenses and travel income', @p2='Europe Trip 2024' (Nullable = false), @p3='1', @p4='2026-02-12T12:38:37.4304826Z', @p5='Kitchen remodel project', @p6='Home Renovation' (Nullable = false), @p7='1', @p8='2026-02-12T12:38:37.4304826Z', @p9='Wedding-related transactions', @p10='Wedding Planning' (Nullable = false), @p11='2'], CommandType='"Text"', CommandTimeout='30']
INSERT INTO public."TransactionGroups" (created_at, description, name, user_id)
VALUES (@p0, @p1, @p2, @p3)
RETURNING id;
INSERT INTO public."TransactionGroups" (created_at, description, name, user_id)
VALUES (@p4, @p5, @p6, @p7)
RETURNING id;
INSERT INTO public."TransactionGroups" (created_at, description, name, user_id)
VALUES (@p8, @p9, @p10, @p11)
RETURNING id;
[2026-02-12 13:38:37] [ERR] An exception occurred in the database while saving changes for context type 'ExpenseTrackerAPI.Infrastructure.Persistence.ApplicationDbContext'.
Microsoft.EntityFrameworkCore.DbUpdateException: An error occurred while saving the entity changes. See the inner exception for details.
 ---> System.ArgumentException: Cannot write DateTime with Kind=UTC to PostgreSQL type 'timestamp without time zone', consider using 'timestamp with time zone'. Note that it's not possible to mix DateTimes with different Kinds in an array, range, or multirange. (Parameter 'value')
   at Npgsql.Internal.Converters.DateTimeConverterResolver`1.Get(DateTime value, Nullable`1 expectedPgTypeId, Boolean validateOnly)
   at Npgsql.Internal.Converters.DateTimeConverterResolver.<>c.<CreateResolver>b__0_0(DateTimeConverterResolver`1 resolver, DateTime value, Nullable`1 expectedPgTypeId)
   at Npgsql.Internal.Converters.DateTimeConverterResolver`1.Get(T value, Nullable`1 expectedPgTypeId)
   at Npgsql.Internal.PgConverterResolver`1.GetAsObjectInternal(PgTypeInfo typeInfo, Object value, Nullable`1 expectedPgTypeId)
   at Npgsql.Internal.PgResolverTypeInfo.GetResolutionAsObject(Object value, Nullable`1 expectedPgTypeId)
   at Npgsql.Internal.PgTypeInfo.GetObjectResolution(Object value)
   at Npgsql.NpgsqlParameter.ResolveConverter(PgTypeInfo typeInfo)
   at Npgsql.NpgsqlParameter.ResolveTypeInfo(PgSerializerOptions options)
   at Npgsql.NpgsqlParameterCollection.ProcessParameters(PgSerializerOptions options, Boolean validateValues, CommandType commandType)
   at Npgsql.NpgsqlCommand.ExecuteReader(Boolean async, CommandBehavior behavior, CancellationToken cancellationToken)
   at Npgsql.NpgsqlCommand.ExecuteReader(Boolean async, CommandBehavior behavior, CancellationToken cancellationToken)
   at Npgsql.NpgsqlCommand.ExecuteDbDataReaderAsync(CommandBehavior behavior, CancellationToken cancellationToken)
   at Microsoft.EntityFrameworkCore.Storage.RelationalCommand.ExecuteReaderAsync(RelationalCommandParameterObject parameterObject, CancellationToken cancellationToken)
   at Microsoft.EntityFrameworkCore.Storage.RelationalCommand.ExecuteReaderAsync(RelationalCommandParameterObject parameterObject, CancellationToken cancellationToken)
   at Microsoft.EntityFrameworkCore.Update.ReaderModificationCommandBatch.ExecuteAsync(IRelationalConnection connection, CancellationToken cancellationToken)
   --- End of inner exception stack trace ---
   at Microsoft.EntityFrameworkCore.Update.ReaderModificationCommandBatch.ExecuteAsync(IRelationalConnection connection, CancellationToken cancellationToken)
   at Microsoft.EntityFrameworkCore.Update.Internal.BatchExecutor.ExecuteAsync(IEnumerable`1 commandBatches, IRelationalConnection connection, CancellationToken cancellationToken)
   at Microsoft.EntityFrameworkCore.Update.Internal.BatchExecutor.ExecuteAsync(IEnumerable`1 commandBatches, IRelationalConnection connection, CancellationToken cancellationToken)
   at Microsoft.EntityFrameworkCore.Update.Internal.BatchExecutor.ExecuteAsync(IEnumerable`1 commandBatches, IRelationalConnection connection, CancellationToken cancellationToken)
   at Microsoft.EntityFrameworkCore.Storage.RelationalDatabase.SaveChangesAsync(IList`1 entries, CancellationToken cancellationToken)
   at Microsoft.EntityFrameworkCore.ChangeTracking.Internal.StateManager.SaveChangesAsync(IList`1 entriesToSave, CancellationToken cancellationToken)
   at Microsoft.EntityFrameworkCore.ChangeTracking.Internal.StateManager.SaveChangesAsync(StateManager stateManager, Boolean acceptAllChangesOnSuccess, CancellationToken cancellationToken)
   at Microsoft.EntityFrameworkCore.Storage.ExecutionStrategy.<>c__DisplayClass30_0`2.<<ExecuteAsync>b__0>d.MoveNext()
--- End of stack trace from previous location ---
   at Microsoft.EntityFrameworkCore.Storage.ExecutionStrategy.ExecuteImplementationAsync[TState,TResult](Func`4 operation, Func`4 verifySucceeded, TState state, CancellationToken cancellationToken)
   at Microsoft.EntityFrameworkCore.Storage.ExecutionStrategy.ExecuteImplementationAsync[TState,TResult](Func`4 operation, Func`4 verifySucceeded, TState state, CancellationToken cancellationToken)
   at Microsoft.EntityFrameworkCore.Storage.ExecutionStrategy.ExecuteAsync[TState,TResult](TState state, Func`4 operation, Func`4 verifySucceeded, CancellationToken cancellationToken)
   at Microsoft.EntityFrameworkCore.DbContext.SaveChangesAsync(Boolean acceptAllChangesOnSuccess, CancellationToken cancellationToken)
Microsoft.EntityFrameworkCore.DbUpdateException: An error occurred while saving the entity changes. See the inner exception for details.
 ---> System.ArgumentException: Cannot write DateTime with Kind=UTC to PostgreSQL type 'timestamp without time zone', consider using 'timestamp with time zone'. Note that it's not possible to mix DateTimes with different Kinds in an array, range, or multirange. (Parameter 'value')
   at Npgsql.Internal.Converters.DateTimeConverterResolver`1.Get(DateTime value, Nullable`1 expectedPgTypeId, Boolean validateOnly)
   at Npgsql.Internal.Converters.DateTimeConverterResolver.<>c.<CreateResolver>b__0_0(DateTimeConverterResolver`1 resolver, DateTime value, Nullable`1 expectedPgTypeId)
   at Npgsql.Internal.Converters.DateTimeConverterResolver`1.Get(T value, Nullable`1 expectedPgTypeId)
   at Npgsql.Internal.PgConverterResolver`1.GetAsObjectInternal(PgTypeInfo typeInfo, Object value, Nullable`1 expectedPgTypeId)
   at Npgsql.Internal.PgResolverTypeInfo.GetResolutionAsObject(Object value, Nullable`1 expectedPgTypeId)
   at Npgsql.Internal.PgTypeInfo.GetObjectResolution(Object value)
   at Npgsql.NpgsqlParameter.ResolveConverter(PgTypeInfo typeInfo)
   at Npgsql.NpgsqlParameter.ResolveTypeInfo(PgSerializerOptions options)
   at Npgsql.NpgsqlParameterCollection.ProcessParameters(PgSerializerOptions options, Boolean validateValues, CommandType commandType)
   at Npgsql.NpgsqlCommand.ExecuteReader(Boolean async, CommandBehavior behavior, CancellationToken cancellationToken)
   at Npgsql.NpgsqlCommand.ExecuteReader(Boolean async, CommandBehavior behavior, CancellationToken cancellationToken)
   at Npgsql.NpgsqlCommand.ExecuteDbDataReaderAsync(CommandBehavior behavior, CancellationToken cancellationToken)
   at Microsoft.EntityFrameworkCore.Storage.RelationalCommand.ExecuteReaderAsync(RelationalCommandParameterObject parameterObject, CancellationToken cancellationToken)
   at Microsoft.EntityFrameworkCore.Storage.RelationalCommand.ExecuteReaderAsync(RelationalCommandParameterObject parameterObject, CancellationToken cancellationToken)
   at Microsoft.EntityFrameworkCore.Update.ReaderModificationCommandBatch.ExecuteAsync(IRelationalConnection connection, CancellationToken cancellationToken)
   --- End of inner exception stack trace ---
   at Microsoft.EntityFrameworkCore.Update.ReaderModificationCommandBatch.ExecuteAsync(IRelationalConnection connection, CancellationToken cancellationToken)
   at Microsoft.EntityFrameworkCore.Update.Internal.BatchExecutor.ExecuteAsync(IEnumerable`1 commandBatches, IRelationalConnection connection, CancellationToken cancellationToken)
   at Microsoft.EntityFrameworkCore.Update.Internal.BatchExecutor.ExecuteAsync(IEnumerable`1 commandBatches, IRelationalConnection connection, CancellationToken cancellationToken)
   at Microsoft.EntityFrameworkCore.Update.Internal.BatchExecutor.ExecuteAsync(IEnumerable`1 commandBatches, IRelationalConnection connection, CancellationToken cancellationToken)
   at Microsoft.EntityFrameworkCore.Storage.RelationalDatabase.SaveChangesAsync(IList`1 entries, CancellationToken cancellationToken)
   at Microsoft.EntityFrameworkCore.ChangeTracking.Internal.StateManager.SaveChangesAsync(IList`1 entriesToSave, CancellationToken cancellationToken)
   at Microsoft.EntityFrameworkCore.ChangeTracking.Internal.StateManager.SaveChangesAsync(StateManager stateManager, Boolean acceptAllChangesOnSuccess, CancellationToken cancellationToken)
   at Microsoft.EntityFrameworkCore.Storage.ExecutionStrategy.<>c__DisplayClass30_0`2.<<ExecuteAsync>b__0>d.MoveNext()
--- End of stack trace from previous location ---
   at Microsoft.EntityFrameworkCore.Storage.ExecutionStrategy.ExecuteImplementationAsync[TState,TResult](Func`4 operation, Func`4 verifySucceeded, TState state, CancellationToken cancellationToken)
   at Microsoft.EntityFrameworkCore.Storage.ExecutionStrategy.ExecuteImplementationAsync[TState,TResult](Func`4 operation, Func`4 verifySucceeded, TState state, CancellationToken cancellationToken)
   at Microsoft.EntityFrameworkCore.Storage.ExecutionStrategy.ExecuteAsync[TState,TResult](TState state, Func`4 operation, Func`4 verifySucceeded, CancellationToken cancellationToken)
   at Microsoft.EntityFrameworkCore.DbContext.SaveChangesAsync(Boolean acceptAllChangesOnSuccess, CancellationToken cancellationToken)
[2026-02-12 13:38:37] [ERR] Database initialization failed
Microsoft.EntityFrameworkCore.DbUpdateException: An error occurred while saving the entity changes. See the inner exception for details.
 ---> System.ArgumentException: Cannot write DateTime with Kind=UTC to PostgreSQL type 'timestamp without time zone', consider using 'timestamp with time zone'. Note that it's not possible to mix DateTimes with different Kinds in an array, range, or multirange. (Parameter 'value')
   at Npgsql.Internal.Converters.DateTimeConverterResolver`1.Get(DateTime value, Nullable`1 expectedPgTypeId, Boolean validateOnly)
   at Npgsql.Internal.Converters.DateTimeConverterResolver.<>c.<CreateResolver>b__0_0(DateTimeConverterResolver`1 resolver, DateTime value, Nullable`1 expectedPgTypeId)
   at Npgsql.Internal.Converters.DateTimeConverterResolver`1.Get(T value, Nullable`1 expectedPgTypeId)
   at Npgsql.Internal.PgConverterResolver`1.GetAsObjectInternal(PgTypeInfo typeInfo, Object value, Nullable`1 expectedPgTypeId)
   at Npgsql.Internal.PgResolverTypeInfo.GetResolutionAsObject(Object value, Nullable`1 expectedPgTypeId)
   at Npgsql.Internal.PgTypeInfo.GetObjectResolution(Object value)
   at Npgsql.NpgsqlParameter.ResolveConverter(PgTypeInfo typeInfo)
   at Npgsql.NpgsqlParameter.ResolveTypeInfo(PgSerializerOptions options)
   at Npgsql.NpgsqlParameterCollection.ProcessParameters(PgSerializerOptions options, Boolean validateValues, CommandType commandType)
   at Npgsql.NpgsqlCommand.ExecuteReader(Boolean async, CommandBehavior behavior, CancellationToken cancellationToken)
   at Npgsql.NpgsqlCommand.ExecuteReader(Boolean async, CommandBehavior behavior, CancellationToken cancellationToken)
   at Npgsql.NpgsqlCommand.ExecuteDbDataReaderAsync(CommandBehavior behavior, CancellationToken cancellationToken)
   at Microsoft.EntityFrameworkCore.Storage.RelationalCommand.ExecuteReaderAsync(RelationalCommandParameterObject parameterObject, CancellationToken cancellationToken)
   at Microsoft.EntityFrameworkCore.Storage.RelationalCommand.ExecuteReaderAsync(RelationalCommandParameterObject parameterObject, CancellationToken cancellationToken)
   at Microsoft.EntityFrameworkCore.Update.ReaderModificationCommandBatch.ExecuteAsync(IRelationalConnection connection, CancellationToken cancellationToken)
   --- End of inner exception stack trace ---
   at Microsoft.EntityFrameworkCore.Update.ReaderModificationCommandBatch.ExecuteAsync(IRelationalConnection connection, CancellationToken cancellationToken)
   at Microsoft.EntityFrameworkCore.Update.Internal.BatchExecutor.ExecuteAsync(IEnumerable`1 commandBatches, IRelationalConnection connection, CancellationToken cancellationToken)
   at Microsoft.EntityFrameworkCore.Update.Internal.BatchExecutor.ExecuteAsync(IEnumerable`1 commandBatches, IRelationalConnection connection, CancellationToken cancellationToken)
   at Microsoft.EntityFrameworkCore.Update.Internal.BatchExecutor.ExecuteAsync(IEnumerable`1 commandBatches, IRelationalConnection connection, CancellationToken cancellationToken)
   at Microsoft.EntityFrameworkCore.Storage.RelationalDatabase.SaveChangesAsync(IList`1 entries, CancellationToken cancellationToken)
   at Microsoft.EntityFrameworkCore.ChangeTracking.Internal.StateManager.SaveChangesAsync(IList`1 entriesToSave, CancellationToken cancellationToken)
   at Microsoft.EntityFrameworkCore.ChangeTracking.Internal.StateManager.SaveChangesAsync(StateManager stateManager, Boolean acceptAllChangesOnSuccess, CancellationToken cancellationToken)
   at Microsoft.EntityFrameworkCore.Storage.ExecutionStrategy.<>c__DisplayClass30_0`2.<<ExecuteAsync>b__0>d.MoveNext()
--- End of stack trace from previous location ---
   at Microsoft.EntityFrameworkCore.Storage.ExecutionStrategy.ExecuteImplementationAsync[TState,TResult](Func`4 operation, Func`4 verifySucceeded, TState state, CancellationToken cancellationToken)
   at Microsoft.EntityFrameworkCore.Storage.ExecutionStrategy.ExecuteImplementationAsync[TState,TResult](Func`4 operation, Func`4 verifySucceeded, TState state, CancellationToken cancellationToken)
   at Microsoft.EntityFrameworkCore.Storage.ExecutionStrategy.ExecuteAsync[TState,TResult](TState state, Func`4 operation, Func`4 verifySucceeded, CancellationToken cancellationToken)
   at Microsoft.EntityFrameworkCore.DbContext.SaveChangesAsync(Boolean acceptAllChangesOnSuccess, CancellationToken cancellationToken)
   at Microsoft.EntityFrameworkCore.DbContext.SaveChangesAsync(Boolean acceptAllChangesOnSuccess, CancellationToken cancellationToken)
   at ExpenseTrackerAPI.Infrastructure.Shared.DatabaseSeeder.SeedIfEmptyAsync(ApplicationDbContext context, CancellationToken cancellationToken) in /home/bax/Desktop/kodecta-academy/expense-tracker/src/ExpenseTrackerAPI.Infrastructure/Shared/DatabaseSeeder.cs:line 62
   at Program.<<Main>$>g__InitializeDatabaseAsync|0_4(IServiceProvider services) in /home/bax/Desktop/kodecta-academy/expense-tracker/src/ExpenseTrackerAPI.WebApi/Program.cs:line 144
[2026-02-12 13:38:37] [FTL] Application terminated unexpectedly
Microsoft.EntityFrameworkCore.DbUpdateException: An error occurred while saving the entity changes. See the inner exception for details.
 ---> System.ArgumentException: Cannot write DateTime with Kind=UTC to PostgreSQL type 'timestamp without time zone', consider using 'timestamp with time zone'. Note that it's not possible to mix DateTimes with different Kinds in an array, range, or multirange. (Parameter 'value')
   at Npgsql.Internal.Converters.DateTimeConverterResolver`1.Get(DateTime value, Nullable`1 expectedPgTypeId, Boolean validateOnly)
   at Npgsql.Internal.Converters.DateTimeConverterResolver.<>c.<CreateResolver>b__0_0(DateTimeConverterResolver`1 resolver, DateTime value, Nullable`1 expectedPgTypeId)
   at Npgsql.Internal.Converters.DateTimeConverterResolver`1.Get(T value, Nullable`1 expectedPgTypeId)
   at Npgsql.Internal.PgConverterResolver`1.GetAsObjectInternal(PgTypeInfo typeInfo, Object value, Nullable`1 expectedPgTypeId)
   at Npgsql.Internal.PgResolverTypeInfo.GetResolutionAsObject(Object value, Nullable`1 expectedPgTypeId)
   at Npgsql.Internal.PgTypeInfo.GetObjectResolution(Object value)
   at Npgsql.NpgsqlParameter.ResolveConverter(PgTypeInfo typeInfo)
   at Npgsql.NpgsqlParameter.ResolveTypeInfo(PgSerializerOptions options)
   at Npgsql.NpgsqlParameterCollection.ProcessParameters(PgSerializerOptions options, Boolean validateValues, CommandType commandType)
   at Npgsql.NpgsqlCommand.ExecuteReader(Boolean async, CommandBehavior behavior, CancellationToken cancellationToken)
   at Npgsql.NpgsqlCommand.ExecuteReader(Boolean async, CommandBehavior behavior, CancellationToken cancellationToken)
   at Npgsql.NpgsqlCommand.ExecuteDbDataReaderAsync(CommandBehavior behavior, CancellationToken cancellationToken)
   at Microsoft.EntityFrameworkCore.Storage.RelationalCommand.ExecuteReaderAsync(RelationalCommandParameterObject parameterObject, CancellationToken cancellationToken)
   at Microsoft.EntityFrameworkCore.Storage.RelationalCommand.ExecuteReaderAsync(RelationalCommandParameterObject parameterObject, CancellationToken cancellationToken)
   at Microsoft.EntityFrameworkCore.Update.ReaderModificationCommandBatch.ExecuteAsync(IRelationalConnection connection, CancellationToken cancellationToken)
   --- End of inner exception stack trace ---
   at Microsoft.EntityFrameworkCore.Update.ReaderModificationCommandBatch.ExecuteAsync(IRelationalConnection connection, CancellationToken cancellationToken)
   at Microsoft.EntityFrameworkCore.Update.Internal.BatchExecutor.ExecuteAsync(IEnumerable`1 commandBatches, IRelationalConnection connection, CancellationToken cancellationToken)
   at Microsoft.EntityFrameworkCore.Update.Internal.BatchExecutor.ExecuteAsync(IEnumerable`1 commandBatches, IRelationalConnection connection, CancellationToken cancellationToken)
   at Microsoft.EntityFrameworkCore.Update.Internal.BatchExecutor.ExecuteAsync(IEnumerable`1 commandBatches, IRelationalConnection connection, CancellationToken cancellationToken)
   at Microsoft.EntityFrameworkCore.Storage.RelationalDatabase.SaveChangesAsync(IList`1 entries, CancellationToken cancellationToken)
   at Microsoft.EntityFrameworkCore.ChangeTracking.Internal.StateManager.SaveChangesAsync(IList`1 entriesToSave, CancellationToken cancellationToken)
   at Microsoft.EntityFrameworkCore.ChangeTracking.Internal.StateManager.SaveChangesAsync(StateManager stateManager, Boolean acceptAllChangesOnSuccess, CancellationToken cancellationToken)
   at Microsoft.EntityFrameworkCore.Storage.ExecutionStrategy.<>c__DisplayClass30_0`2.<<ExecuteAsync>b__0>d.MoveNext()
--- End of stack trace from previous location ---
   at Microsoft.EntityFrameworkCore.Storage.ExecutionStrategy.ExecuteImplementationAsync[TState,TResult](Func`4 operation, Func`4 verifySucceeded, TState state, CancellationToken cancellationToken)
   at Microsoft.EntityFrameworkCore.Storage.ExecutionStrategy.ExecuteImplementationAsync[TState,TResult](Func`4 operation, Func`4 verifySucceeded, TState state, CancellationToken cancellationToken)
   at Microsoft.EntityFrameworkCore.Storage.ExecutionStrategy.ExecuteAsync[TState,TResult](TState state, Func`4 operation, Func`4 verifySucceeded, CancellationToken cancellationToken)
   at Microsoft.EntityFrameworkCore.DbContext.SaveChangesAsync(Boolean acceptAllChangesOnSuccess, CancellationToken cancellationToken)
   at Microsoft.EntityFrameworkCore.DbContext.SaveChangesAsync(Boolean acceptAllChangesOnSuccess, CancellationToken cancellationToken)
   at ExpenseTrackerAPI.Infrastructure.Shared.DatabaseSeeder.SeedIfEmptyAsync(ApplicationDbContext context, CancellationToken cancellationToken) in /home/bax/Desktop/kodecta-academy/expense-tracker/src/ExpenseTrackerAPI.Infrastructure/Shared/DatabaseSeeder.cs:line 62
   at Program.<<Main>$>g__InitializeDatabaseAsync|0_4(IServiceProvider services) in /home/bax/Desktop/kodecta-academy/expense-tracker/src/ExpenseTrackerAPI.WebApi/Program.cs:line 144
   at Program.<Main>$(String[] args) in /home/bax/Desktop/kodecta-academy/expense-tracker/src/ExpenseTrackerAPI.WebApi/Program.cs:line 46
[2026-02-12 13:39:34] [WRN] Sensitive data logging is enabled. Log entries and exception messages may include sensitive application data; this mode should only be enabled during development.
[2026-02-12 13:39:46] [INF] No action descriptors found. This may indicate an incorrectly configured application or missing application parts. To learn more, visit https://aka.ms/aspnet/mvc/app-parts
[2026-02-12 13:39:46] [INF] Starting ExpenseTracker API
[2026-02-12 13:39:46] [INF] Checking database connectivity...
[2026-02-12 13:39:46] [WRN] Sensitive data logging is enabled. Log entries and exception messages may include sensitive application data; this mode should only be enabled during development.
[2026-02-12 13:39:47] [INF] Database connection successful
[2026-02-12 13:39:47] [INF] Executed DbCommand (22ms) [Parameters=[], CommandType='"Text"', CommandTimeout='30']
SELECT "MigrationId", "ProductVersion"
FROM "__EFMigrationsHistory"
ORDER BY "MigrationId";
[2026-02-12 13:39:47] [INF] Applying 1 pending migrations...
[2026-02-12 13:39:47] [INF] Executed DbCommand (4ms) [Parameters=[], CommandType='"Text"', CommandTimeout='30']
SELECT "MigrationId", "ProductVersion"
FROM "__EFMigrationsHistory"
ORDER BY "MigrationId";
[2026-02-12 13:39:47] [INF] Executed DbCommand (7ms) [Parameters=[], CommandType='"Text"', CommandTimeout='30']
CREATE TABLE IF NOT EXISTS "__EFMigrationsHistory" (
    "MigrationId" character varying(150) NOT NULL,
    "ProductVersion" character varying(32) NOT NULL,
    CONSTRAINT "PK___EFMigrationsHistory" PRIMARY KEY ("MigrationId")
);
[2026-02-12 13:39:47] [INF] Executed DbCommand (1ms) [Parameters=[], CommandType='"Text"', CommandTimeout='30']
LOCK TABLE "__EFMigrationsHistory" IN ACCESS EXCLUSIVE MODE
[2026-02-12 13:39:47] [INF] Executed DbCommand (0ms) [Parameters=[], CommandType='"Text"', CommandTimeout='30']
SELECT "MigrationId", "ProductVersion"
FROM "__EFMigrationsHistory"
ORDER BY "MigrationId";
[2026-02-12 13:39:47] [INF] Applying migration '20260212123935_FixTimestampColumns'.
[2026-02-12 13:39:47] [INF] Executed DbCommand (2ms) [Parameters=[], CommandType='"Text"', CommandTimeout='30']
ALTER TABLE public."Users" ALTER COLUMN updated_at TYPE timestamp with time zone;
[2026-02-12 13:39:47] [INF] Executed DbCommand (1ms) [Parameters=[], CommandType='"Text"', CommandTimeout='30']
ALTER TABLE public."Users" ALTER COLUMN created_at TYPE timestamp with time zone;
[2026-02-12 13:39:47] [INF] Executed DbCommand (1ms) [Parameters=[], CommandType='"Text"', CommandTimeout='30']
ALTER TABLE public."Transactions" ALTER COLUMN updated_at TYPE timestamp with time zone;
[2026-02-12 13:39:47] [INF] Executed DbCommand (1ms) [Parameters=[], CommandType='"Text"', CommandTimeout='30']
ALTER TABLE public."Transactions" ALTER COLUMN created_at TYPE timestamp with time zone;
[2026-02-12 13:39:47] [INF] Executed DbCommand (1ms) [Parameters=[], CommandType='"Text"', CommandTimeout='30']
ALTER TABLE public."TransactionGroups" ALTER COLUMN created_at TYPE timestamp with time zone;
[2026-02-12 13:39:47] [INF] Executed DbCommand (0ms) [Parameters=[], CommandType='"Text"', CommandTimeout='30']
INSERT INTO "__EFMigrationsHistory" ("MigrationId", "ProductVersion")
VALUES ('20260212123935_FixTimestampColumns', '9.0.0');
[2026-02-12 13:39:47] [INF] Database migrations applied successfully
[2026-02-12 13:39:47] [INF] Executed DbCommand (1ms) [Parameters=[], CommandType='"Text"', CommandTimeout='30']
SELECT EXISTS (
    SELECT 1
    FROM public."Users" AS u)
[2026-02-12 13:39:47] [INF] Database already contains data - skipping seeding
[2026-02-12 13:39:47] [INF] Database initialization completed successfully
[2026-02-12 13:39:47] [INF] Now listening on: http://localhost:5000
[2026-02-12 13:39:47] [INF] Application started. Press Ctrl+C to shut down.
[2026-02-12 13:39:47] [INF] Hosting environment: Development
[2026-02-12 13:39:47] [INF] Content root path: /home/bax/Desktop/kodecta-academy/expense-tracker/src/ExpenseTrackerAPI.WebApi
[2026-02-12 13:40:30] [INF] No action descriptors found. This may indicate an incorrectly configured application or missing application parts. To learn more, visit https://aka.ms/aspnet/mvc/app-parts
[2026-02-12 13:40:30] [INF] Starting ExpenseTracker API
[2026-02-12 13:40:30] [INF] Checking database connectivity...
[2026-02-12 13:40:30] [WRN] Sensitive data logging is enabled. Log entries and exception messages may include sensitive application data; this mode should only be enabled during development.
[2026-02-12 13:40:31] [INF] Database connection successful
[2026-02-12 13:40:31] [INF] Executed DbCommand (22ms) [Parameters=[], CommandType='"Text"', CommandTimeout='30']
SELECT "MigrationId", "ProductVersion"
FROM "__EFMigrationsHistory"
ORDER BY "MigrationId";
[2026-02-12 13:40:31] [INF] Database is up to date - no pending migrations
[2026-02-12 13:40:31] [INF] Executed DbCommand (5ms) [Parameters=[], CommandType='"Text"', CommandTimeout='30']
SELECT EXISTS (
    SELECT 1
    FROM public."Users" AS u)
[2026-02-12 13:40:31] [INF] Database already contains data - skipping seeding
[2026-02-12 13:40:31] [INF] Database initialization completed successfully
[2026-02-12 13:40:31] [INF] Now listening on: http://localhost:5000
[2026-02-12 13:40:31] [INF] Application started. Press Ctrl+C to shut down.
[2026-02-12 13:40:31] [INF] Hosting environment: Development
[2026-02-12 13:40:31] [INF] Content root path: /home/bax/Desktop/kodecta-academy/expense-tracker/src/ExpenseTrackerAPI.WebApi
[2026-02-12 13:40:38] [INF] Request starting HTTP/1.1 GET http://localhost:5000/swagger/index.html - null null
[2026-02-12 13:40:38] [INF] HTTP GET /swagger/index.html responded 200 in 116.1378 ms
[2026-02-12 13:40:38] [INF] Request finished HTTP/1.1 GET http://localhost:5000/swagger/index.html - 200 null text/html;charset=utf-8 138.6005ms
[2026-02-12 13:40:38] [INF] Request starting HTTP/1.1 GET http://localhost:5000/swagger/v1/swagger.json - null null
[2026-02-12 13:40:38] [INF] HTTP GET /swagger/v1/swagger.json responded 200 in 19.9557 ms
[2026-02-12 13:40:38] [INF] Request finished HTTP/1.1 GET http://localhost:5000/swagger/v1/swagger.json - 200 null application/json;charset=utf-8 21.3278ms
[2026-02-12 13:41:46] [INF] Application is shutting down...
[2026-02-12 13:42:48] [INF] No action descriptors found. This may indicate an incorrectly configured application or missing application parts. To learn more, visit https://aka.ms/aspnet/mvc/app-parts
[2026-02-12 13:42:48] [INF] Starting ExpenseTracker API
[2026-02-12 13:42:48] [INF] Checking database connectivity...
[2026-02-12 13:42:48] [WRN] Sensitive data logging is enabled. Log entries and exception messages may include sensitive application data; this mode should only be enabled during development.
[2026-02-12 13:42:49] [INF] Database connection successful
[2026-02-12 13:42:49] [ERR] Failed executing DbCommand (44ms) [Parameters=[], CommandType='"Text"', CommandTimeout='30']
SELECT "MigrationId", "ProductVersion"
FROM "__EFMigrationsHistory"
ORDER BY "MigrationId";
[2026-02-12 13:42:49] [INF] Applying 2 pending migrations...
[2026-02-12 13:42:49] [ERR] Failed executing DbCommand (5ms) [Parameters=[], CommandType='"Text"', CommandTimeout='30']
SELECT "MigrationId", "ProductVersion"
FROM "__EFMigrationsHistory"
ORDER BY "MigrationId";
[2026-02-12 13:42:49] [INF] Applying migration '20260212122911_InitialCreate'.
[2026-02-12 13:42:49] [INF] Applying migration '20260212123935_FixTimestampColumns'.
[2026-02-12 13:42:49] [INF] Database migrations applied successfully
[2026-02-12 13:42:50] [INF] Database is empty - seeding with initial data...
[2026-02-12 13:42:50] [INF] Executed DbCommand (2ms) [Parameters=[@p0='2026-02-12T12:42:50.0415477Z' (DbType = DateTime), @p1='Summer vacation expenses and travel income', @p2='Europe Trip 2024' (Nullable = false), @p3='1', @p4='2026-02-12T12:42:50.0415477Z' (DbType = DateTime), @p5='Kitchen remodel project', @p6='Home Renovation' (Nullable = false), @p7='1', @p8='2026-02-12T12:42:50.0415477Z' (DbType = DateTime), @p9='Wedding-related transactions', @p10='Wedding Planning' (Nullable = false), @p11='2'], CommandType='"Text"', CommandTimeout='30']
INSERT INTO public."TransactionGroups" (created_at, description, name, user_id)
VALUES (@p0, @p1, @p2, @p3)
RETURNING id;
INSERT INTO public."TransactionGroups" (created_at, description, name, user_id)
VALUES (@p4, @p5, @p6, @p7)
RETURNING id;
INSERT INTO public."TransactionGroups" (created_at, description, name, user_id)
VALUES (@p8, @p9, @p10, @p11)
RETURNING id;
[2026-02-12 13:42:50] [INF] Executed DbCommand (6ms) [Parameters=[@p0='3500', @p1='9' (Nullable = true), @p2='2026-02-12T12:42:50.0415477Z' (DbType = DateTime), @p3='3500', @p4='01/13/2026' (DbType = Date), @p5=NULL, @p6='BANK_TRANSFER' (Nullable = false), @p7='3500', @p8='Monthly salary' (Nullable = false), @p9=NULL (DbType = Int32), @p10='INCOME' (Nullable = false), @p11='2026-02-12T12:42:50.0415477Z' (DbType = DateTime), @p12='1', @p13='50', @p14='1' (Nullable = true), @p15='2026-02-12T12:42:50.0415477Z' (DbType = DateTime), @p16='3450', @p17='01/13/2026' (DbType = Date), @p18='Weekly groceries at Whole Foods', @p19='DEBIT_CARD' (Nullable = false), @p20='-50', @p21='Grocery shopping' (Nullable = false), @p22=NULL (DbType = Int32), @p23='EXPENSE' (Nullable = false), @p24='2026-02-12T12:42:50.0415477Z' (DbType = DateTime), @p25='1', @p26='60', @p27='2' (Nullable = true), @p28='2026-02-12T12:42:50.0415477Z' (DbType = DateTime), @p29='3390', @p30='01/14/2026' (DbType = Date), @p31=NULL, @p32='CREDIT_CARD' (Nullable = false), @p33='-60', @p34='Gas station fill-up' (Nullable = false), @p35=NULL (DbType = Int32), @p36='EXPENSE' (Nullable = false), @p37='2026-02-12T12:42:50.0415477Z' (DbType = DateTime), @p38='1', @p39='1200', @p40='3' (Nullable = true), @p41='2026-02-12T12:42:50.0415477Z' (DbType = DateTime), @p42='2190', @p43='01/15/2026' (DbType = Date), @p44=NULL, @p45='BANK_TRANSFER' (Nullable = false), @p46='-1200', @p47='Monthly rent payment' (Nullable = false), @p48=NULL (DbType = Int32), @p49='EXPENSE' (Nullable = false), @p50='2026-02-12T12:42:50.0415477Z' (DbType = DateTime), @p51='1', @p52='500', @p53='11' (Nullable = true), @p54='2026-02-12T12:42:50.0415477Z' (DbType = DateTime), @p55='2690', @p56='01/17/2026' (DbType = Date), @p57=NULL, @p58='PAYPAL' (Nullable = false), @p59='500', @p60='Freelance project' (Nullable = false), @p61=NULL (DbType = Int32), @p62='INCOME' (Nullable = false), @p63='2026-02-12T12:42:50.0415477Z' (DbType = DateTime), @p64='1', @p65='350', @p66='2' (Nullable = true), @p67='2026-02-12T12:42:50.0415477Z' (DbType = DateTime), @p68='2340', @p69='01/19/2026' (DbType = Date), @p70='Round trip to Paris', @p71='CREDIT_CARD' (Nullable = false), @p72='-350', @p73='Flight tickets' (Nullable = false), @p74='1' (Nullable = true), @p75='EXPENSE' (Nullable = false), @p76='2026-02-12T12:42:50.0415477Z' (DbType = DateTime), @p77='1', @p78='1000', @p79='9' (Nullable = true), @p80='2026-02-12T12:42:50.0415477Z' (DbType = DateTime), @p81='3340', @p82='01/22/2026' (DbType = Date), @p83=NULL, @p84='BANK_TRANSFER' (Nullable = false), @p85='1000', @p86='Bonus payment' (Nullable = false), @p87=NULL (DbType = Int32), @p88='INCOME' (Nullable = false), @p89='2026-02-12T12:42:50.0415477Z' (DbType = DateTime), @p90='1', @p91='4200', @p92='9' (Nullable = true), @p93='2026-02-12T12:42:50.0415477Z' (DbType = DateTime), @p94='4200', @p95='01/13/2026' (DbType = Date), @p96=NULL, @p97='BANK_TRANSFER' (Nullable = false), @p98='4200', @p99='Monthly salary' (Nullable = false), @p100=NULL (DbType = Int32), @p101='INCOME' (Nullable = false), @p102='2026-02-12T12:42:50.0415477Z' (DbType = DateTime), @p103='2', @p104='150', @p105='5' (Nullable = true), @p106='2026-02-12T12:42:50.0415477Z' (DbType = DateTime), @p107='4050', @p108='01/17/2026' (DbType = Date), @p109=NULL, @p110='DEBIT_CARD' (Nullable = false), @p111='-150', @p112='Doctor visit copay' (Nullable = false), @p113=NULL (DbType = Int32), @p114='EXPENSE' (Nullable = false), @p115='2026-02-12T12:42:50.0415477Z' (DbType = DateTime), @p116='2', @p117='150', @p118='10' (Nullable = true), @p119='2026-02-12T12:42:50.0415477Z' (DbType = DateTime), @p120='4200', @p121='01/20/2026' (DbType = Date), @p122=NULL, @p123='BANK_TRANSFER' (Nullable = false), @p124='150', @p125='Stock dividend' (Nullable = false), @p126=NULL (DbType = Int32), @p127='INCOME' (Nullable = false), @p128='2026-02-12T12:42:50.0415477Z' (DbType = DateTime), @p129='2', @p130='500', @p131='4' (Nullable = true), @p132='2026-02-12T12:42:50.0415477Z' (DbType = DateTime), @p133='3700', @p134='01/22/2026' (DbType = Date), @p135='Initial deposit for the reception venue', @p136='BANK_TRANSFER' (Nullable = false), @p137='-500', @p138='Wedding venue deposit' (Nullable = false), @p139='3' (Nullable = true), @p140='EXPENSE' (Nullable = false), @p141='2026-02-12T12:42:50.0415477Z' (DbType = DateTime), @p142='2'], CommandType='"Text"', CommandTimeout='30']
INSERT INTO public."Transactions" (amount, category_id, created_at, cumulative_delta, date, notes, payment_method, signed_amount, subject, transaction_group_id, transaction_type, updated_at, user_id)
VALUES (@p0, @p1, @p2, @p3, @p4, @p5, @p6, @p7, @p8, @p9, @p10, @p11, @p12)
RETURNING id;
INSERT INTO public."Transactions" (amount, category_id, created_at, cumulative_delta, date, notes, payment_method, signed_amount, subject, transaction_group_id, transaction_type, updated_at, user_id)
VALUES (@p13, @p14, @p15, @p16, @p17, @p18, @p19, @p20, @p21, @p22, @p23, @p24, @p25)
RETURNING id;
INSERT INTO public."Transactions" (amount, category_id, created_at, cumulative_delta, date, notes, payment_method, signed_amount, subject, transaction_group_id, transaction_type, updated_at, user_id)
VALUES (@p26, @p27, @p28, @p29, @p30, @p31, @p32, @p33, @p34, @p35, @p36, @p37, @p38)
RETURNING id;
INSERT INTO public."Transactions" (amount, category_id, created_at, cumulative_delta, date, notes, payment_method, signed_amount, subject, transaction_group_id, transaction_type, updated_at, user_id)
VALUES (@p39, @p40, @p41, @p42, @p43, @p44, @p45, @p46, @p47, @p48, @p49, @p50, @p51)
RETURNING id;
INSERT INTO public."Transactions" (amount, category_id, created_at, cumulative_delta, date, notes, payment_method, signed_amount, subject, transaction_group_id, transaction_type, updated_at, user_id)
VALUES (@p52, @p53, @p54, @p55, @p56, @p57, @p58, @p59, @p60, @p61, @p62, @p63, @p64)
RETURNING id;
INSERT INTO public."Transactions" (amount, category_id, created_at, cumulative_delta, date, notes, payment_method, signed_amount, subject, transaction_group_id, transaction_type, updated_at, user_id)
VALUES (@p65, @p66, @p67, @p68, @p69, @p70, @p71, @p72, @p73, @p74, @p75, @p76, @p77)
RETURNING id;
INSERT INTO public."Transactions" (amount, category_id, created_at, cumulative_delta, date, notes, payment_method, signed_amount, subject, transaction_group_id, transaction_type, updated_at, user_id)
VALUES (@p78, @p79, @p80, @p81, @p82, @p83, @p84, @p85, @p86, @p87, @p88, @p89, @p90)
RETURNING id;
INSERT INTO public."Transactions" (amount, category_id, created_at, cumulative_delta, date, notes, payment_method, signed_amount, subject, transaction_group_id, transaction_type, updated_at, user_id)
VALUES (@p91, @p92, @p93, @p94, @p95, @p96, @p97, @p98, @p99, @p100, @p101, @p102, @p103)
RETURNING id;
INSERT INTO public."Transactions" (amount, category_id, created_at, cumulative_delta, date, notes, payment_method, signed_amount, subject, transaction_group_id, transaction_type, updated_at, user_id)
VALUES (@p104, @p105, @p106, @p107, @p108, @p109, @p110, @p111, @p112, @p113, @p114, @p115, @p116)
RETURNING id;
INSERT INTO public."Transactions" (amount, category_id, created_at, cumulative_delta, date, notes, payment_method, signed_amount, subject, transaction_group_id, transaction_type, updated_at, user_id)
VALUES (@p117, @p118, @p119, @p120, @p121, @p122, @p123, @p124, @p125, @p126, @p127, @p128, @p129)
RETURNING id;
INSERT INTO public."Transactions" (amount, category_id, created_at, cumulative_delta, date, notes, payment_method, signed_amount, subject, transaction_group_id, transaction_type, updated_at, user_id)
VALUES (@p130, @p131, @p132, @p133, @p134, @p135, @p136, @p137, @p138, @p139, @p140, @p141, @p142)
RETURNING id;
[2026-02-12 13:42:50] [INF] Database seeded successfully
[2026-02-12 13:42:50] [INF] Database initialization completed successfully
[2026-02-12 13:42:50] [INF] Now listening on: http://localhost:5000
[2026-02-12 13:42:50] [INF] Application started. Press Ctrl+C to shut down.
[2026-02-12 13:42:50] [INF] Hosting environment: Development
[2026-02-12 13:42:50] [INF] Content root path: /home/bax/Desktop/kodecta-academy/expense-tracker/src/ExpenseTrackerAPI.WebApi
[2026-02-12 13:43:27] [INF] Application is shutting down...
